Arguments: 
  C:\Program Files\nodejs\node.exe C:\Users\Emmanuel\scoop\apps\yarn\current\Yarn\bin\yarn.js install

PATH: 
  C:\Program Files (x86)\NVIDIA Corporation\PhysX\Common;C:\Program Files\Broadcom\Broadcom 802.11 Network Adapter;C:\Program Files\Microsoft MPI\Bin\;C:\ProgramData\Oracle\Java\javapath;C:\WINDOWS\system32;C:\WINDOWS;C:\WINDOWS\System32\Wbem;C:\WINDOWS\System32\WindowsPowerShell\v1.0\;C:\Program Files (x86)\Autodesk\Backburner\;C:\Program Files\dotnet\;C:\WINDOWS\System32\OpenSSH\;C:\Program Files\Microsoft VS Code\bin;C:\Program Files\Microsoft SQL Server\130\Tools\Binn\;C:\Program Files\Microsoft SQL Server\Client SDK\ODBC\170\Tools\Binn\;C:\Program Files\nodejs\;C:\ProgramData\chocolatey\bin;C:\Program Files\Git\cmd;C:\Program Files\Java\jdk1.8.0_211\bin;C:\Users\Emmanuel\AppData\Local\Android\sdk\platform-tools;C:\Users\Emmanuel\scoop\apps\nodejs\current\bin;C:\Users\Emmanuel\scoop\apps\nodejs\current;C:\Users\Emmanuel\scoop\apps\yarn\current\Yarn\bin;C:\Users\Emmanuel\scoop\apps\yarn\current\global\node_modules\.bin;C:\Users\Emmanuel\scoop\shims;C:\Program Files\Java\jdk1.8.0_111\bin;C:\Users\Emmanuel\AppData\Local\Microsoft\WindowsApps;C:\Program Files\Microsoft VS Code\bin;C:\Users\Emmanuel\AppData\Local\Programs\Microsoft VS Code\bin;C:\flutter\bin;C:\Users\Emmanuel\AppData\Local\Android\tools;C:\Users\Emmanuel\AppData\Local\Android\platform-tools;C:\Users\Emmanuel\AppData\Roaming\npm;C:\tools\dart-sdk\bin;C:\Users\Emmanuel\AppData\Roaming\Pub\Cache\bin;C:\Program Files\heroku\bin;C:\Users\Emmanuel\AppData\Local\Microsoft\WindowsApps

Yarn version: 
  1.22.4

Node version: 
  12.16.2

Platform: 
  win32 x64

Trace: 
  Error: getaddrinfo ENOTFOUND registry.yarnpkg.com
      at GetAddrInfoReqWrap.onlookup [as oncomplete] (dns.js:64:26)

npm manifest: 
  {
    "repository": "#",
    "license": "UNLICENSED",
    "scripts": {
      "build": "webpack --config ./bundler/webpack.prod.js",
      "dev": "webpack serve --config ./bundler/webpack.dev.js"
    },
    "dependencies": {
      "@babel/core": "^7.13.1",
      "@babel/preset-env": "^7.13.5",
      "babel-loader": "^8.2.2",
      "clean-webpack-plugin": "^3.0.0",
      "copy-webpack-plugin": "^7.0.0",
      "css-loader": "^5.1.0",
      "dat.gui": "^0.7.7",
      "file-loader": "^6.2.0",
      "html-loader": "^2.1.1",
      "html-webpack-plugin": "^5.2.0",
      "mini-css-extract-plugin": "^1.3.9",
      "portfinder-sync": "0.0.2",
      "raw-loader": "^4.0.2",
      "style-loader": "^2.0.0",
      "three": "^0.126.0",
      "webpack": "^5.24.2",
      "webpack-cli": "^4.5.0",
      "webpack-dev-server": "^3.11.2",
      "webpack-merge": "^5.7.3"
    }
  }

yarn manifest: 
  No manifest

Lockfile: 
  No lockfile
